G:\MYVISUALSTUDIOWORKPLACE\MESHWORK\MESHWORK\RELEASE\ADTREE.OBJ
G:\myVisualStudioWorkPlace\MeshWork\MeshWork\Release\cl.command.1.tlog
G:\myVisualStudioWorkPlace\MeshWork\MeshWork\Release\CL.read.1.tlog
G:\myVisualStudioWorkPlace\MeshWork\MeshWork\Release\CL.write.1.tlog
G:\MYVISUALSTUDIOWORKPLACE\MESHWORK\MESHWORK\RELEASE\GEOMFUNCS.OBJ
G:\MYVISUALSTUDIOWORKPLACE\MESHWORK\MESHWORK\RELEASE\GLOBALVARIABLE.OBJ
G:\MYVISUALSTUDIOWORKPLACE\MESHWORK\MESHWORK\RELEASE\KODTREE.OBJ
G:\myVisualStudioWorkPlace\MeshWork\MeshWork\Release\link.command.1.tlog
G:\myVisualStudioWorkPlace\MeshWork\MeshWork\Release\link.read.1.tlog
G:\myVisualStudioWorkPlace\MeshWork\MeshWork\Release\link.write.1.tlog
G:\MYVISUALSTUDIOWORKPLACE\MESHWORK\MESHWORK\RELEASE\LOCALH.OBJ
G:\MYVISUALSTUDIOWORKPLACE\MESHWORK\MESHWORK\RELEASE\MESH.OBJ
G:\MYVISUALSTUDIOWORKPLACE\MESHWORK\MESHWORK\RELEASE\MESHPARAMETER.OBJ
G:\MYVISUALSTUDIOWORKPLACE\MESHWORK\MESHWORK\RELEASE\MESHTYPE.OBJ
G:\MYVISUALSTUDIOWORKPLACE\MESHWORK\MESHWORK\RELEASE\MESHWORK.EXE.INTERMEDIATE.MANIFEST
G:\myVisualStudioWorkPlace\MeshWork\MeshWork\Release\MeshWork.write.1.tlog
G:\myVisualStudioWorkPlace\MeshWork\MeshWork\Release\mt.command.1.tlog
G:\myVisualStudioWorkPlace\MeshWork\MeshWork\Release\mt.read.1.tlog
G:\myVisualStudioWorkPlace\MeshWork\MeshWork\Release\mt.write.1.tlog
G:\MYVISUALSTUDIOWORKPLACE\MESHWORK\MESHWORK\RELEASE\MWLIB.OBJ
G:\MYVISUALSTUDIOWORKPLACE\MESHWORK\MESHWORK\RELEASE\MWTOOL.OBJ
G:\MYVISUALSTUDIOWORKPLACE\MESHWORK\MESHWORK\RELEASE\START.OBJ
G:\MYVISUALSTUDIOWORKPLACE\MESHWORK\MESHWORK\RELEASE\STLBOUND.OBJ
G:\MYVISUALSTUDIOWORKPLACE\MESHWORK\MESHWORK\RELEASE\STLGEOM.OBJ
G:\MYVISUALSTUDIOWORKPLACE\MESHWORK\MESHWORK\RELEASE\STLSURFACEMESH.OBJ
G:\MYVISUALSTUDIOWORKPLACE\MESHWORK\MESHWORK\RELEASE\STLSURFACEMESHFUNCTION.OBJ
G:\MYVISUALSTUDIOWORKPLACE\MESHWORK\MESHWORK\RELEASE\STLTOPOLOGY.OBJ
G:\MYVISUALSTUDIOWORKPLACE\MESHWORK\MESHWORK\RELEASE\TRIANGULATION.OBJ
G:\MYVISUALSTUDIOWORKPLACE\MESHWORK\MESHWORK\RELEASE\TRIANGULATIONINKDTREE.OBJ
G:\MYVISUALSTUDIOWORKPLACE\MESHWORK\MESHWORK\RELEASE\VC100.PDB
G:\MYVISUALSTUDIOWORKPLACE\MESHWORK\RELEASE\MESHWORK.EXE
G:\MYVISUALSTUDIOWORKPLACE\MESHWORK\RELEASE\MESHWORK.PDB
