Build started 2018/10/20 19:55:48.
     1>Project "G:\myVisualStudioWorkPlace\MeshWork\MeshWork\MeshWork.vcxproj" on node 2 (build target(s)).
     1>InitializeBuildStatus:
         Creating "Debug\MeshWork.unsuccessfulbuild" because "AlwaysCreate" was specified.
       ClCompile:
         g:\Program Files (x86)\Microsoft Visual Studio 10.0\VC\bin\CL.exe /c /ZI /nologo /W3 /WX- /Od /Oy- /D WIN32 /D _DEBUG /D _CONSOLE /D _UNICODE /D UNICODE /Gm /EHsc /RTC1 /MDd /GS /fp:precise /Zc:wchar_t /Zc:forScope /Fo"Debug\\" /Fd"Debug\vc100.pdb" /Gd /TP /analyze- /errorReport:prompt start.cpp
         start.cpp
     1>g:\myvisualstudioworkplace\meshwork\meshwork\localh.hpp(137): warning C4018: '<' : signed/unsigned mismatch
     1>g:\myvisualstudioworkplace\meshwork\meshwork\table.h(107): warning C4018: '<=' : signed/unsigned mismatch
                 g:\myvisualstudioworkplace\meshwork\meshwork\table.h(105) : while compiling class template member function 'void meshwork::Table<T>::Add(int,const T &)'
                 with
                 [
                     T=int
                 ]
                 g:\myvisualstudioworkplace\meshwork\meshwork\stltopology.hpp(293) : see reference to class template instantiation 'meshwork::Table<T>' being compiled
                 with
                 [
                     T=int
                 ]
       ManifestResourceCompile:
         All outputs are up-to-date.
       Link:
         g:\Program Files (x86)\Microsoft Visual Studio 10.0\VC\bin\link.exe /ERRORREPORT:PROMPT /OUT:"G:\myVisualStudioWorkPlace\MeshWork\Debug\MeshWork.exe" /INCREMENTAL /NOLOGO kernel32.lib user32.lib gdi32.lib winspool.lib comdlg32.lib advapi32.lib shell32.lib ole32.lib oleaut32.lib uuid.lib odbc32.lib odbccp32.lib /MANIFEST /ManifestFile:"Debug\MeshWork.exe.intermediate.manifest" /MANIFESTUAC:"level='asInvoker' uiAccess='false'" /DEBUG /PDB:"G:\myVisualStudioWorkPlace\MeshWork\Debug\MeshWork.pdb" /SUBSYSTEM:CONSOLE /TLBID:1 /DYNAMICBASE /NXCOMPAT /IMPLIB:"G:\myVisualStudioWorkPlace\MeshWork\Debug\MeshWork.lib" /MACHINE:X86 Debug\MeshWork.exe.embed.manifest.res
         Debug\adtree.obj
         Debug\geomfuncs.obj
         Debug\globalvariable.obj
         Debug\kodtree.obj
         Debug\localh.obj
         Debug\mesh.obj
         Debug\meshparameter.obj
         Debug\meshtype.obj
         Debug\mwlib.obj
         Debug\mwtool.obj
         Debug\start.obj
         Debug\stlbound.obj
         Debug\stlgeom.obj
         Debug\stlsurfacemeshfunction.obj
         Debug\STLSurfaceMesh.obj
         Debug\stltopology.obj
         Debug\triangulation.obj
         Debug\triangulationinkdtree.obj
       Manifest:
         C:\Program Files (x86)\Microsoft SDKs\Windows\v7.0A\bin\mt.exe /nologo /verbose /out:"Debug\MeshWork.exe.embed.manifest" /manifest Debug\MeshWork.exe.intermediate.manifest
         All outputs are up-to-date.
       LinkEmbedManifest:
         All outputs are up-to-date.
         MeshWork.vcxproj -> G:\myVisualStudioWorkPlace\MeshWork\Debug\MeshWork.exe
       FinalizeBuildStatus:
         Deleting file "Debug\MeshWork.unsuccessfulbuild".
         Touching "Debug\MeshWork.lastbuildstate".
     1>Done Building Project "G:\myVisualStudioWorkPlace\MeshWork\MeshWork\MeshWork.vcxproj" (build target(s)).

Build succeeded.

Time Elapsed 00:00:00.99
