D:\MESHWORK\DEBUG\MESHWORK.EXE
D:\MESHWORK\DEBUG\MESHWORK.ILK
D:\MESHWORK\DEBUG\MESHWORK.PDB
D:\MESHWORK\MESHWORK\DEBUG\ADTREE.OBJ
D:\MeshWork\MeshWork\Debug\cl.command.1.tlog
D:\MeshWork\MeshWork\Debug\CL.read.1.tlog
D:\MeshWork\MeshWork\Debug\CL.write.1.tlog
D:\MESHWORK\MESHWORK\DEBUG\GEOMFUNCS.OBJ
D:\MESHWORK\MESHWORK\DEBUG\GLOBALVARIABLE.OBJ
D:\MESHWORK\MESHWORK\DEBUG\KODTREE.OBJ
D:\MeshWork\MeshWork\Debug\link.260.read.1.tlog
D:\MeshWork\MeshWork\Debug\link.260.write.1.tlog
D:\MeshWork\MeshWork\Debug\link.260-cvtres.read.1.tlog
D:\MeshWork\MeshWork\Debug\link.260-cvtres.write.1.tlog
D:\MeshWork\MeshWork\Debug\link.4580.read.1.tlog
D:\MeshWork\MeshWork\Debug\link.4580.write.1.tlog
D:\MeshWork\MeshWork\Debug\link.4580-cvtres.read.1.tlog
D:\MeshWork\MeshWork\Debug\link.4580-cvtres.write.1.tlog
D:\MeshWork\MeshWork\Debug\link.5528.read.1.tlog
D:\MeshWork\MeshWork\Debug\link.5528.write.1.tlog
D:\MeshWork\MeshWork\Debug\link.5528-cvtres.read.1.tlog
D:\MeshWork\MeshWork\Debug\link.5528-cvtres.write.1.tlog
D:\MeshWork\MeshWork\Debug\link.5684.read.1.tlog
D:\MeshWork\MeshWork\Debug\link.5684.write.1.tlog
D:\MeshWork\MeshWork\Debug\link.5684-cvtres.read.1.tlog
D:\MeshWork\MeshWork\Debug\link.5684-cvtres.write.1.tlog
D:\MeshWork\MeshWork\Debug\link.5856.read.1.tlog
D:\MeshWork\MeshWork\Debug\link.5856.write.1.tlog
D:\MeshWork\MeshWork\Debug\link.5856-cvtres.read.1.tlog
D:\MeshWork\MeshWork\Debug\link.5856-cvtres.write.1.tlog
D:\MeshWork\MeshWork\Debug\link.command.1.tlog
D:\MeshWork\MeshWork\Debug\link.read.1.tlog
D:\MeshWork\MeshWork\Debug\link.write.1.tlog
D:\MeshWork\MeshWork\Debug\link-cvtres.read.1.tlog
D:\MeshWork\MeshWork\Debug\link-cvtres.write.1.tlog
D:\MESHWORK\MESHWORK\DEBUG\LOCALH.OBJ
D:\MESHWORK\MESHWORK\DEBUG\MESH.OBJ
D:\MESHWORK\MESHWORK\DEBUG\MESHPARAMETER.OBJ
D:\MESHWORK\MESHWORK\DEBUG\MESHTYPE.OBJ
D:\MESHWORK\MESHWORK\DEBUG\MESHWORK.EXE.EMBED.MANIFEST
D:\MESHWORK\MESHWORK\DEBUG\MESHWORK.EXE.EMBED.MANIFEST.RES
D:\MESHWORK\MESHWORK\DEBUG\MESHWORK.EXE.INTERMEDIATE.MANIFEST
D:\MeshWork\MeshWork\Debug\MeshWork.vcxprojResolveAssemblyReference.cache
D:\MeshWork\MeshWork\Debug\MeshWork.write.1.tlog
D:\MeshWork\MeshWork\Debug\MeshWork_manifest.rc
D:\MeshWork\MeshWork\Debug\mt.command.1.tlog
D:\MeshWork\MeshWork\Debug\mt.read.1.tlog
D:\MeshWork\MeshWork\Debug\mt.write.1.tlog
D:\MESHWORK\MESHWORK\DEBUG\MWLIB.OBJ
D:\MESHWORK\MESHWORK\DEBUG\MWTOOL.OBJ
D:\MeshWork\MeshWork\Debug\rc.command.1.tlog
D:\MeshWork\MeshWork\Debug\rc.read.1.tlog
D:\MeshWork\MeshWork\Debug\rc.write.1.tlog
D:\MESHWORK\MESHWORK\DEBUG\START.OBJ
D:\MESHWORK\MESHWORK\DEBUG\STLBOUND.OBJ
D:\MESHWORK\MESHWORK\DEBUG\STLGEOM.OBJ
D:\MESHWORK\MESHWORK\DEBUG\STLSURFACEMESH.OBJ
D:\MESHWORK\MESHWORK\DEBUG\STLSURFACEMESHFUNCTION.OBJ
D:\MESHWORK\MESHWORK\DEBUG\STLTOPOLOGY.OBJ
D:\MESHWORK\MESHWORK\DEBUG\TRIANGULATION.OBJ
D:\MESHWORK\MESHWORK\DEBUG\TRIANGULATIONINKDTREE.OBJ
D:\MeshWork\MeshWork\Debug\vc100.idb
D:\MESHWORK\MESHWORK\DEBUG\VC100.PDB
