Build started 2019/6/20 11:52:44.
     1>Project "G:\myVisualStudioWorkPlace\MeshWork\MeshWork\MeshWork.vcxproj" on node 2 (rebuild target(s)).
     1>PrepareForBuild:
         Creating directory "G:\myVisualStudioWorkPlace\MeshWork\x64\Release\".
       InitializeBuildStatus:
         Creating "x64\Release\MeshWork.unsuccessfulbuild" because "AlwaysCreate" was specified.
       ClCompile:
         g:\Program Files (x86)\Microsoft Visual Studio 10.0\VC\bin\x86_amd64\CL.exe /c /Zi /nologo /W3 /WX- /O2 /Oi /GL /D WIN32 /D NDEBUG /D _CONSOLE /D _UNICODE /D UNICODE /Gm- /EHsc /MD /GS /Gy /fp:precise /Zc:wchar_t /Zc:forScope /Fo"x64\Release\\" /Fd"x64\Release\vc100.pdb" /Gd /TP /errorReport:prompt adtree.cpp geomfuncs.cpp globalvariable.cpp kodtree.cpp localh.cpp mesh.cpp meshparameter.cpp meshtype.cpp mwlib.cpp mwtool.cpp start.cpp stlbound.cpp stlgeom.cpp stlsurfacemeshfunction.cpp STLSurfaceMesh.cpp stltopology.cpp triangulation.cpp triangulationinkdtree.cpp
         adtree.cpp
     1>g:\myvisualstudioworkplace\meshwork\meshwork\stltopology.hpp(326): warning C4267: 'return' : conversion from 'size_t' to 'int', possible loss of data
     1>g:\myvisualstudioworkplace\meshwork\meshwork\stltopology.hpp(360): warning C4267: 'return' : conversion from 'size_t' to 'int', possible loss of data
     1>g:\myvisualstudioworkplace\meshwork\meshwork\stltopology.hpp(386): warning C4267: 'return' : conversion from 'size_t' to 'int', possible loss of data
     1>g:\myvisualstudioworkplace\meshwork\meshwork\stltopology.hpp(415): warning C4267: 'return' : conversion from 'size_t' to 'int', possible loss of data
     1>g:\myvisualstudioworkplace\meshwork\meshwork\stlbound.hpp(92): warning C4267: 'return' : conversion from 'size_t' to 'int', possible loss of data
     1>g:\myvisualstudioworkplace\meshwork\meshwork\stlbound.hpp(175): warning C4267: 'return' : conversion from 'size_t' to 'int', possible loss of data
     1>g:\myvisualstudioworkplace\meshwork\meshwork\stlbound.hpp(179): warning C4267: 'return' : conversion from 'size_t' to 'const int', possible loss of data
     1>g:\myvisualstudioworkplace\meshwork\meshwork\stlbound.hpp(183): warning C4267: 'return' : conversion from 'size_t' to 'int', possible loss of data
     1>g:\myvisualstudioworkplace\meshwork\meshwork\stlbound.hpp(187): warning C4267: 'return' : conversion from 'size_t' to 'const int', possible loss of data
     1>g:\myvisualstudioworkplace\meshwork\meshwork\stlgeom.hpp(59): warning C4267: 'return' : conversion from 'size_t' to 'int', possible loss of data
     1>g:\myvisualstudioworkplace\meshwork\meshwork\stlgeom.hpp(68): warning C4267: 'return' : conversion from 'size_t' to 'int', possible loss of data
     1>g:\myvisualstudioworkplace\meshwork\meshwork\stlgeom.hpp(119): warning C4267: 'return' : conversion from 'size_t' to 'int', possible loss of data
     1>g:\myvisualstudioworkplace\meshwork\meshwork\stlgeom.hpp(126): warning C4267: 'return' : conversion from 'size_t' to 'int', possible loss of data
     1>g:\myvisualstudioworkplace\meshwork\meshwork\localh.hpp(108): warning C4267: 'return' : conversion from 'size_t' to 'int', possible loss of data
     1>g:\myvisualstudioworkplace\meshwork\meshwork\triangulation.h(259): warning C4267: 'return' : conversion from 'size_t' to 'int', possible loss of data
     1>g:\myvisualstudioworkplace\meshwork\meshwork\triangulation.h(263): warning C4267: 'return' : conversion from 'size_t' to 'int', possible loss of data
     1>g:\myvisualstudioworkplace\meshwork\meshwork\mesh.h(54): warning C4267: 'return' : conversion from 'size_t' to 'int', possible loss of data
     1>g:\myvisualstudioworkplace\meshwork\meshwork\mesh.h(75): warning C4267: 'return' : conversion from 'size_t' to 'int', possible loss of data
     1>g:\myvisualstudioworkplace\meshwork\meshwork\table.h(106): warning C4267: 'initializing' : conversion from 'size_t' to 'int', possible loss of data
                 g:\myvisualstudioworkplace\meshwork\meshwork\table.h(105) : while compiling class template member function 'void meshwork::Table<T>::Add(int,const T &)'
                 with
                 [
                     T=int
                 ]
                 g:\myvisualstudioworkplace\meshwork\meshwork\stltopology.hpp(293) : see reference to class template instantiation 'meshwork::Table<T>' being compiled
                 with
                 [
                     T=int
                 ]
     1>g:\myvisualstudioworkplace\meshwork\meshwork\table.h(136): warning C4267: 'return' : conversion from 'size_t' to 'int', possible loss of data
                 g:\myvisualstudioworkplace\meshwork\meshwork\table.h(135) : while compiling class template member function 'int meshwork::Table<T>::Size(void) const'
                 with
                 [
                     T=int
                 ]
         geomfuncs.cpp
     1>g:\myvisualstudioworkplace\meshwork\meshwork\stltopology.hpp(326): warning C4267: 'return' : conversion from 'size_t' to 'int', possible loss of data
     1>g:\myvisualstudioworkplace\meshwork\meshwork\stltopology.hpp(360): warning C4267: 'return' : conversion from 'size_t' to 'int', possible loss of data
     1>g:\myvisualstudioworkplace\meshwork\meshwork\stltopology.hpp(386): warning C4267: 'return' : conversion from 'size_t' to 'int', possible loss of data
     1>g:\myvisualstudioworkplace\meshwork\meshwork\stltopology.hpp(415): warning C4267: 'return' : conversion from 'size_t' to 'int', possible loss of data
     1>g:\myvisualstudioworkplace\meshwork\meshwork\stlbound.hpp(92): warning C4267: 'return' : conversion from 'size_t' to 'int', possible loss of data
     1>g:\myvisualstudioworkplace\meshwork\meshwork\stlbound.hpp(175): warning C4267: 'return' : conversion from 'size_t' to 'int', possible loss of data
     1>g:\myvisualstudioworkplace\meshwork\meshwork\stlbound.hpp(179): warning C4267: 'return' : conversion from 'size_t' to 'const int', possible loss of data
     1>g:\myvisualstudioworkplace\meshwork\meshwork\stlbound.hpp(183): warning C4267: 'return' : conversion from 'size_t' to 'int', possible loss of data
     1>g:\myvisualstudioworkplace\meshwork\meshwork\stlbound.hpp(187): warning C4267: 'return' : conversion from 'size_t' to 'const int', possible loss of data
     1>g:\myvisualstudioworkplace\meshwork\meshwork\stlgeom.hpp(59): warning C4267: 'return' : conversion from 'size_t' to 'int', possible loss of data
     1>g:\myvisualstudioworkplace\meshwork\meshwork\stlgeom.hpp(68): warning C4267: 'return' : conversion from 'size_t' to 'int', possible loss of data
     1>g:\myvisualstudioworkplace\meshwork\meshwork\stlgeom.hpp(119): warning C4267: 'return' : conversion from 'size_t' to 'int', possible loss of data
     1>g:\myvisualstudioworkplace\meshwork\meshwork\stlgeom.hpp(126): warning C4267: 'return' : conversion from 'size_t' to 'int', possible loss of data
     1>g:\myvisualstudioworkplace\meshwork\meshwork\localh.hpp(108): warning C4267: 'return' : conversion from 'size_t' to 'int', possible loss of data
     1>g:\myvisualstudioworkplace\meshwork\meshwork\triangulation.h(259): warning C4267: 'return' : conversion from 'size_t' to 'int', possible loss of data
     1>g:\myvisualstudioworkplace\meshwork\meshwork\triangulation.h(263): warning C4267: 'return' : conversion from 'size_t' to 'int', possible loss of data
     1>g:\myvisualstudioworkplace\meshwork\meshwork\mesh.h(54): warning C4267: 'return' : conversion from 'size_t' to 'int', possible loss of data
     1>g:\myvisualstudioworkplace\meshwork\meshwork\mesh.h(75): warning C4267: 'return' : conversion from 'size_t' to 'int', possible loss of data
     1>g:\myvisualstudioworkplace\meshwork\meshwork\table.h(106): warning C4267: 'initializing' : conversion from 'size_t' to 'int', possible loss of data
                 g:\myvisualstudioworkplace\meshwork\meshwork\table.h(105) : while compiling class template member function 'void meshwork::Table<T>::Add(int,const T &)'
                 with
                 [
                     T=int
                 ]
                 g:\myvisualstudioworkplace\meshwork\meshwork\stltopology.hpp(293) : see reference to class template instantiation 'meshwork::Table<T>' being compiled
                 with
                 [
                     T=int
                 ]
     1>g:\myvisualstudioworkplace\meshwork\meshwork\table.h(136): warning C4267: 'return' : conversion from 'size_t' to 'int', possible loss of data
                 g:\myvisualstudioworkplace\meshwork\meshwork\table.h(135) : while compiling class template member function 'int meshwork::Table<T>::Size(void) const'
                 with
                 [
                     T=int
                 ]
         globalvariable.cpp
     1>g:\myvisualstudioworkplace\meshwork\meshwork\stltopology.hpp(326): warning C4267: 'return' : conversion from 'size_t' to 'int', possible loss of data
     1>g:\myvisualstudioworkplace\meshwork\meshwork\stltopology.hpp(360): warning C4267: 'return' : conversion from 'size_t' to 'int', possible loss of data
     1>g:\myvisualstudioworkplace\meshwork\meshwork\stltopology.hpp(386): warning C4267: 'return' : conversion from 'size_t' to 'int', possible loss of data
     1>g:\myvisualstudioworkplace\meshwork\meshwork\stltopology.hpp(415): warning C4267: 'return' : conversion from 'size_t' to 'int', possible loss of data
     1>g:\myvisualstudioworkplace\meshwork\meshwork\stlbound.hpp(92): warning C4267: 'return' : conversion from 'size_t' to 'int', possible loss of data
     1>g:\myvisualstudioworkplace\meshwork\meshwork\stlbound.hpp(175): warning C4267: 'return' : conversion from 'size_t' to 'int', possible loss of data
     1>g:\myvisualstudioworkplace\meshwork\meshwork\stlbound.hpp(179): warning C4267: 'return' : conversion from 'size_t' to 'const int', possible loss of data
     1>g:\myvisualstudioworkplace\meshwork\meshwork\stlbound.hpp(183): warning C4267: 'return' : conversion from 'size_t' to 'int', possible loss of data
     1>g:\myvisualstudioworkplace\meshwork\meshwork\stlbound.hpp(187): warning C4267: 'return' : conversion from 'size_t' to 'const int', possible loss of data
     1>g:\myvisualstudioworkplace\meshwork\meshwork\stlgeom.hpp(59): warning C4267: 'return' : conversion from 'size_t' to 'int', possible loss of data
     1>g:\myvisualstudioworkplace\meshwork\meshwork\stlgeom.hpp(68): warning C4267: 'return' : conversion from 'size_t' to 'int', possible loss of data
     1>g:\myvisualstudioworkplace\meshwork\meshwork\stlgeom.hpp(119): warning C4267: 'return' : conversion from 'size_t' to 'int', possible loss of data
     1>g:\myvisualstudioworkplace\meshwork\meshwork\stlgeom.hpp(126): warning C4267: 'return' : conversion from 'size_t' to 'int', possible loss of data
     1>g:\myvisualstudioworkplace\meshwork\meshwork\localh.hpp(108): warning C4267: 'return' : conversion from 'size_t' to 'int', possible loss of data
     1>g:\myvisualstudioworkplace\meshwork\meshwork\triangulation.h(259): warning C4267: 'return' : conversion from 'size_t' to 'int', possible loss of data
     1>g:\myvisualstudioworkplace\meshwork\meshwork\triangulation.h(263): warning C4267: 'return' : conversion from 'size_t' to 'int', possible loss of data
     1>g:\myvisualstudioworkplace\meshwork\meshwork\mesh.h(54): warning C4267: 'return' : conversion from 'size_t' to 'int', possible loss of data
     1>g:\myvisualstudioworkplace\meshwork\meshwork\mesh.h(75): warning C4267: 'return' : conversion from 'size_t' to 'int', possible loss of data
     1>g:\myvisualstudioworkplace\meshwork\meshwork\table.h(106): warning C4267: 'initializing' : conversion from 'size_t' to 'int', possible loss of data
                 g:\myvisualstudioworkplace\meshwork\meshwork\table.h(105) : while compiling class template member function 'void meshwork::Table<T>::Add(int,const T &)'
                 with
                 [
                     T=int
                 ]
                 g:\myvisualstudioworkplace\meshwork\meshwork\stltopology.hpp(293) : see reference to class template instantiation 'meshwork::Table<T>' being compiled
                 with
                 [
                     T=int
                 ]
     1>g:\myvisualstudioworkplace\meshwork\meshwork\table.h(136): warning C4267: 'return' : conversion from 'size_t' to 'int', possible loss of data
                 g:\myvisualstudioworkplace\meshwork\meshwork\table.h(135) : while compiling class template member function 'int meshwork::Table<T>::Size(void) const'
                 with
                 [
                     T=int
                 ]
         kodtree.cpp
     1>g:\myvisualstudioworkplace\meshwork\meshwork\stltopology.hpp(326): warning C4267: 'return' : conversion from 'size_t' to 'int', possible loss of data
     1>g:\myvisualstudioworkplace\meshwork\meshwork\stltopology.hpp(360): warning C4267: 'return' : conversion from 'size_t' to 'int', possible loss of data
     1>g:\myvisualstudioworkplace\meshwork\meshwork\stltopology.hpp(386): warning C4267: 'return' : conversion from 'size_t' to 'int', possible loss of data
     1>g:\myvisualstudioworkplace\meshwork\meshwork\stltopology.hpp(415): warning C4267: 'return' : conversion from 'size_t' to 'int', possible loss of data
     1>g:\myvisualstudioworkplace\meshwork\meshwork\stlbound.hpp(92): warning C4267: 'return' : conversion from 'size_t' to 'int', possible loss of data
     1>g:\myvisualstudioworkplace\meshwork\meshwork\stlbound.hpp(175): warning C4267: 'return' : conversion from 'size_t' to 'int', possible loss of data
     1>g:\myvisualstudioworkplace\meshwork\meshwork\stlbound.hpp(179): warning C4267: 'return' : conversion from 'size_t' to 'const int', possible loss of data
     1>g:\myvisualstudioworkplace\meshwork\meshwork\stlbound.hpp(183): warning C4267: 'return' : conversion from 'size_t' to 'int', possible loss of data
     1>g:\myvisualstudioworkplace\meshwork\meshwork\stlbound.hpp(187): warning C4267: 'return' : conversion from 'size_t' to 'const int', possible loss of data
     1>g:\myvisualstudioworkplace\meshwork\meshwork\stlgeom.hpp(59): warning C4267: 'return' : conversion from 'size_t' to 'int', possible loss of data
     1>g:\myvisualstudioworkplace\meshwork\meshwork\stlgeom.hpp(68): warning C4267: 'return' : conversion from 'size_t' to 'int', possible loss of data
     1>g:\myvisualstudioworkplace\meshwork\meshwork\stlgeom.hpp(119): warning C4267: 'return' : conversion from 'size_t' to 'int', possible loss of data
     1>g:\myvisualstudioworkplace\meshwork\meshwork\stlgeom.hpp(126): warning C4267: 'return' : conversion from 'size_t' to 'int', possible loss of data
     1>g:\myvisualstudioworkplace\meshwork\meshwork\localh.hpp(108): warning C4267: 'return' : conversion from 'size_t' to 'int', possible loss of data
     1>g:\myvisualstudioworkplace\meshwork\meshwork\triangulation.h(259): warning C4267: 'return' : conversion from 'size_t' to 'int', possible loss of data
     1>g:\myvisualstudioworkplace\meshwork\meshwork\triangulation.h(263): warning C4267: 'return' : conversion from 'size_t' to 'int', possible loss of data
     1>g:\myvisualstudioworkplace\meshwork\meshwork\mesh.h(54): warning C4267: 'return' : conversion from 'size_t' to 'int', possible loss of data
     1>g:\myvisualstudioworkplace\meshwork\meshwork\mesh.h(75): warning C4267: 'return' : conversion from 'size_t' to 'int', possible loss of data
     1>g:\myvisualstudioworkplace\meshwork\meshwork\table.h(106): warning C4267: 'initializing' : conversion from 'size_t' to 'int', possible loss of data
                 g:\myvisualstudioworkplace\meshwork\meshwork\table.h(105) : while compiling class template member function 'void meshwork::Table<T>::Add(int,const T &)'
                 with
                 [
                     T=int
                 ]
                 g:\myvisualstudioworkplace\meshwork\meshwork\stltopology.hpp(293) : see reference to class template instantiation 'meshwork::Table<T>' being compiled
                 with
                 [
                     T=int
                 ]
     1>g:\myvisualstudioworkplace\meshwork\meshwork\table.h(136): warning C4267: 'return' : conversion from 'size_t' to 'int', possible loss of data
                 g:\myvisualstudioworkplace\meshwork\meshwork\table.h(135) : while compiling class template member function 'int meshwork::Table<T>::Size(void) const'
                 with
                 [
                     T=int
                 ]
         localh.cpp
     1>g:\myvisualstudioworkplace\meshwork\meshwork\stltopology.hpp(326): warning C4267: 'return' : conversion from 'size_t' to 'int', possible loss of data
     1>g:\myvisualstudioworkplace\meshwork\meshwork\stltopology.hpp(360): warning C4267: 'return' : conversion from 'size_t' to 'int', possible loss of data
     1>g:\myvisualstudioworkplace\meshwork\meshwork\stltopology.hpp(386): warning C4267: 'return' : conversion from 'size_t' to 'int', possible loss of data
     1>g:\myvisualstudioworkplace\meshwork\meshwork\stltopology.hpp(415): warning C4267: 'return' : conversion from 'size_t' to 'int', possible loss of data
     1>g:\myvisualstudioworkplace\meshwork\meshwork\stlbound.hpp(92): warning C4267: 'return' : conversion from 'size_t' to 'int', possible loss of data
     1>g:\myvisualstudioworkplace\meshwork\meshwork\stlbound.hpp(175): warning C4267: 'return' : conversion from 'size_t' to 'int', possible loss of data
     1>g:\myvisualstudioworkplace\meshwork\meshwork\stlbound.hpp(179): warning C4267: 'return' : conversion from 'size_t' to 'const int', possible loss of data
     1>g:\myvisualstudioworkplace\meshwork\meshwork\stlbound.hpp(183): warning C4267: 'return' : conversion from 'size_t' to 'int', possible loss of data
     1>g:\myvisualstudioworkplace\meshwork\meshwork\stlbound.hpp(187): warning C4267: 'return' : conversion from 'size_t' to 'const int', possible loss of data
     1>g:\myvisualstudioworkplace\meshwork\meshwork\stlgeom.hpp(59): warning C4267: 'return' : conversion from 'size_t' to 'int', possible loss of data
     1>g:\myvisualstudioworkplace\meshwork\meshwork\stlgeom.hpp(68): warning C4267: 'return' : conversion from 'size_t' to 'int', possible loss of data
     1>g:\myvisualstudioworkplace\meshwork\meshwork\stlgeom.hpp(119): warning C4267: 'return' : conversion from 'size_t' to 'int', possible loss of data
     1>g:\myvisualstudioworkplace\meshwork\meshwork\stlgeom.hpp(126): warning C4267: 'return' : conversion from 'size_t' to 'int', possible loss of data
     1>g:\myvisualstudioworkplace\meshwork\meshwork\localh.hpp(108): warning C4267: 'return' : conversion from 'size_t' to 'int', possible loss of data
     1>g:\myvisualstudioworkplace\meshwork\meshwork\triangulation.h(259): warning C4267: 'return' : conversion from 'size_t' to 'int', possible loss of data
     1>g:\myvisualstudioworkplace\meshwork\meshwork\triangulation.h(263): warning C4267: 'return' : conversion from 'size_t' to 'int', possible loss of data
     1>g:\myvisualstudioworkplace\meshwork\meshwork\mesh.h(54): warning C4267: 'return' : conversion from 'size_t' to 'int', possible loss of data
     1>g:\myvisualstudioworkplace\meshwork\meshwork\mesh.h(75): warning C4267: 'return' : conversion from 'size_t' to 'int', possible loss of data
     1>g:\myvisualstudioworkplace\meshwork\meshwork\table.h(106): warning C4267: 'initializing' : conversion from 'size_t' to 'int', possible loss of data
                 g:\myvisualstudioworkplace\meshwork\meshwork\table.h(105) : while compiling class template member function 'void meshwork::Table<T>::Add(int,const T &)'
                 with
                 [
                     T=int
                 ]
                 g:\myvisualstudioworkplace\meshwork\meshwork\stltopology.hpp(293) : see reference to class template instantiation 'meshwork::Table<T>' being compiled
                 with
                 [
                     T=int
                 ]
     1>g:\myvisualstudioworkplace\meshwork\meshwork\table.h(136): warning C4267: 'return' : conversion from 'size_t' to 'int', possible loss of data
                 g:\myvisualstudioworkplace\meshwork\meshwork\table.h(135) : while compiling class template member function 'int meshwork::Table<T>::Size(void) const'
                 with
                 [
                     T=int
                 ]
         mesh.cpp
     1>g:\myvisualstudioworkplace\meshwork\meshwork\stltopology.hpp(326): warning C4267: 'return' : conversion from 'size_t' to 'int', possible loss of data
     1>g:\myvisualstudioworkplace\meshwork\meshwork\stltopology.hpp(360): warning C4267: 'return' : conversion from 'size_t' to 'int', possible loss of data
     1>g:\myvisualstudioworkplace\meshwork\meshwork\stltopology.hpp(386): warning C4267: 'return' : conversion from 'size_t' to 'int', possible loss of data
     1>g:\myvisualstudioworkplace\meshwork\meshwork\stltopology.hpp(415): warning C4267: 'return' : conversion from 'size_t' to 'int', possible loss of data
     1>g:\myvisualstudioworkplace\meshwork\meshwork\stlbound.hpp(92): warning C4267: 'return' : conversion from 'size_t' to 'int', possible loss of data
     1>g:\myvisualstudioworkplace\meshwork\meshwork\stlbound.hpp(175): warning C4267: 'return' : conversion from 'size_t' to 'int', possible loss of data
     1>g:\myvisualstudioworkplace\meshwork\meshwork\stlbound.hpp(179): warning C4267: 'return' : conversion from 'size_t' to 'const int', possible loss of data
     1>g:\myvisualstudioworkplace\meshwork\meshwork\stlbound.hpp(183): warning C4267: 'return' : conversion from 'size_t' to 'int', possible loss of data
     1>g:\myvisualstudioworkplace\meshwork\meshwork\stlbound.hpp(187): warning C4267: 'return' : conversion from 'size_t' to 'const int', possible loss of data
     1>g:\myvisualstudioworkplace\meshwork\meshwork\stlgeom.hpp(59): warning C4267: 'return' : conversion from 'size_t' to 'int', possible loss of data
     1>g:\myvisualstudioworkplace\meshwork\meshwork\stlgeom.hpp(68): warning C4267: 'return' : conversion from 'size_t' to 'int', possible loss of data
     1>g:\myvisualstudioworkplace\meshwork\meshwork\stlgeom.hpp(119): warning C4267: 'return' : conversion from 'size_t' to 'int', possible loss of data
     1>g:\myvisualstudioworkplace\meshwork\meshwork\stlgeom.hpp(126): warning C4267: 'return' : conversion from 'size_t' to 'int', possible loss of data
     1>g:\myvisualstudioworkplace\meshwork\meshwork\localh.hpp(108): warning C4267: 'return' : conversion from 'size_t' to 'int', possible loss of data
     1>g:\myvisualstudioworkplace\meshwork\meshwork\triangulation.h(259): warning C4267: 'return' : conversion from 'size_t' to 'int', possible loss of data
     1>g:\myvisualstudioworkplace\meshwork\meshwork\triangulation.h(263): warning C4267: 'return' : conversion from 'size_t' to 'int', possible loss of data
     1>g:\myvisualstudioworkplace\meshwork\meshwork\mesh.h(54): warning C4267: 'return' : conversion from 'size_t' to 'int', possible loss of data
     1>g:\myvisualstudioworkplace\meshwork\meshwork\mesh.h(75): warning C4267: 'return' : conversion from 'size_t' to 'int', possible loss of data
     1>mesh.cpp(83): warning C4267: 'return' : conversion from 'size_t' to 'int', possible loss of data
     1>mesh.cpp(89): warning C4267: 'return' : conversion from 'size_t' to 'int', possible loss of data
     1>mesh.cpp(95): warning C4267: 'return' : conversion from 'size_t' to 'int', possible loss of data
     1>g:\myvisualstudioworkplace\meshwork\meshwork\table.h(106): warning C4267: 'initializing' : conversion from 'size_t' to 'int', possible loss of data
                 g:\myvisualstudioworkplace\meshwork\meshwork\table.h(105) : while compiling class template member function 'void meshwork::Table<T>::Add(int,const T &)'
                 with
                 [
                     T=int
                 ]
                 g:\myvisualstudioworkplace\meshwork\meshwork\stltopology.hpp(293) : see reference to class template instantiation 'meshwork::Table<T>' being compiled
                 with
                 [
                     T=int
                 ]
     1>g:\myvisualstudioworkplace\meshwork\meshwork\table.h(136): warning C4267: 'return' : conversion from 'size_t' to 'int', possible loss of data
                 g:\myvisualstudioworkplace\meshwork\meshwork\table.h(135) : while compiling class template member function 'int meshwork::Table<T>::Size(void) const'
                 with
                 [
                     T=int
                 ]
         meshparameter.cpp
     1>g:\myvisualstudioworkplace\meshwork\meshwork\stltopology.hpp(326): warning C4267: 'return' : conversion from 'size_t' to 'int', possible loss of data
     1>g:\myvisualstudioworkplace\meshwork\meshwork\stltopology.hpp(360): warning C4267: 'return' : conversion from 'size_t' to 'int', possible loss of data
     1>g:\myvisualstudioworkplace\meshwork\meshwork\stltopology.hpp(386): warning C4267: 'return' : conversion from 'size_t' to 'int', possible loss of data
     1>g:\myvisualstudioworkplace\meshwork\meshwork\stltopology.hpp(415): warning C4267: 'return' : conversion from 'size_t' to 'int', possible loss of data
     1>g:\myvisualstudioworkplace\meshwork\meshwork\stlbound.hpp(92): warning C4267: 'return' : conversion from 'size_t' to 'int', possible loss of data
     1>g:\myvisualstudioworkplace\meshwork\meshwork\stlbound.hpp(175): warning C4267: 'return' : conversion from 'size_t' to 'int', possible loss of data
     1>g:\myvisualstudioworkplace\meshwork\meshwork\stlbound.hpp(179): warning C4267: 'return' : conversion from 'size_t' to 'const int', possible loss of data
     1>g:\myvisualstudioworkplace\meshwork\meshwork\stlbound.hpp(183): warning C4267: 'return' : conversion from 'size_t' to 'int', possible loss of data
     1>g:\myvisualstudioworkplace\meshwork\meshwork\stlbound.hpp(187): warning C4267: 'return' : conversion from 'size_t' to 'const int', possible loss of data
     1>g:\myvisualstudioworkplace\meshwork\meshwork\stlgeom.hpp(59): warning C4267: 'return' : conversion from 'size_t' to 'int', possible loss of data
     1>g:\myvisualstudioworkplace\meshwork\meshwork\stlgeom.hpp(68): warning C4267: 'return' : conversion from 'size_t' to 'int', possible loss of data
     1>g:\myvisualstudioworkplace\meshwork\meshwork\stlgeom.hpp(119): warning C4267: 'return' : conversion from 'size_t' to 'int', possible loss of data
     1>g:\myvisualstudioworkplace\meshwork\meshwork\stlgeom.hpp(126): warning C4267: 'return' : conversion from 'size_t' to 'int', possible loss of data
     1>g:\myvisualstudioworkplace\meshwork\meshwork\localh.hpp(108): warning C4267: 'return' : conversion from 'size_t' to 'int', possible loss of data
     1>g:\myvisualstudioworkplace\meshwork\meshwork\triangulation.h(259): warning C4267: 'return' : conversion from 'size_t' to 'int', possible loss of data
     1>g:\myvisualstudioworkplace\meshwork\meshwork\triangulation.h(263): warning C4267: 'return' : conversion from 'size_t' to 'int', possible loss of data
     1>g:\myvisualstudioworkplace\meshwork\meshwork\mesh.h(54): warning C4267: 'return' : conversion from 'size_t' to 'int', possible loss of data
     1>g:\myvisualstudioworkplace\meshwork\meshwork\mesh.h(75): warning C4267: 'return' : conversion from 'size_t' to 'int', possible loss of data
     1>meshparameter.cpp(146): warning C4244: '=' : conversion from 'double' to 'int', possible loss of data
     1>g:\myvisualstudioworkplace\meshwork\meshwork\table.h(106): warning C4267: 'initializing' : conversion from 'size_t' to 'int', possible loss of data
                 g:\myvisualstudioworkplace\meshwork\meshwork\table.h(105) : while compiling class template member function 'void meshwork::Table<T>::Add(int,const T &)'
                 with
                 [
                     T=int
                 ]
                 g:\myvisualstudioworkplace\meshwork\meshwork\stltopology.hpp(293) : see reference to class template instantiation 'meshwork::Table<T>' being compiled
                 with
                 [
                     T=int
                 ]
     1>g:\myvisualstudioworkplace\meshwork\meshwork\table.h(136): warning C4267: 'return' : conversion from 'size_t' to 'int', possible loss of data
                 g:\myvisualstudioworkplace\meshwork\meshwork\table.h(135) : while compiling class template member function 'int meshwork::Table<T>::Size(void) const'
                 with
                 [
                     T=int
                 ]
         meshtype.cpp
     1>g:\myvisualstudioworkplace\meshwork\meshwork\stltopology.hpp(326): warning C4267: 'return' : conversion from 'size_t' to 'int', possible loss of data
     1>g:\myvisualstudioworkplace\meshwork\meshwork\stltopology.hpp(360): warning C4267: 'return' : conversion from 'size_t' to 'int', possible loss of data
     1>g:\myvisualstudioworkplace\meshwork\meshwork\stltopology.hpp(386): warning C4267: 'return' : conversion from 'size_t' to 'int', possible loss of data
     1>g:\myvisualstudioworkplace\meshwork\meshwork\stltopology.hpp(415): warning C4267: 'return' : conversion from 'size_t' to 'int', possible loss of data
     1>g:\myvisualstudioworkplace\meshwork\meshwork\stlbound.hpp(92): warning C4267: 'return' : conversion from 'size_t' to 'int', possible loss of data
     1>g:\myvisualstudioworkplace\meshwork\meshwork\stlbound.hpp(175): warning C4267: 'return' : conversion from 'size_t' to 'int', possible loss of data
     1>g:\myvisualstudioworkplace\meshwork\meshwork\stlbound.hpp(179): warning C4267: 'return' : conversion from 'size_t' to 'const int', possible loss of data
     1>g:\myvisualstudioworkplace\meshwork\meshwork\stlbound.hpp(183): warning C4267: 'return' : conversion from 'size_t' to 'int', possible loss of data
     1>g:\myvisualstudioworkplace\meshwork\meshwork\stlbound.hpp(187): warning C4267: 'return' : conversion from 'size_t' to 'const int', possible loss of data
     1>g:\myvisualstudioworkplace\meshwork\meshwork\stlgeom.hpp(59): warning C4267: 'return' : conversion from 'size_t' to 'int', possible loss of data
     1>g:\myvisualstudioworkplace\meshwork\meshwork\stlgeom.hpp(68): warning C4267: 'return' : conversion from 'size_t' to 'int', possible loss of data
     1>g:\myvisualstudioworkplace\meshwork\meshwork\stlgeom.hpp(119): warning C4267: 'return' : conversion from 'size_t' to 'int', possible loss of data
     1>g:\myvisualstudioworkplace\meshwork\meshwork\stlgeom.hpp(126): warning C4267: 'return' : conversion from 'size_t' to 'int', possible loss of data
     1>g:\myvisualstudioworkplace\meshwork\meshwork\localh.hpp(108): warning C4267: 'return' : conversion from 'size_t' to 'int', possible loss of data
     1>g:\myvisualstudioworkplace\meshwork\meshwork\triangulation.h(259): warning C4267: 'return' : conversion from 'size_t' to 'int', possible loss of data
     1>g:\myvisualstudioworkplace\meshwork\meshwork\triangulation.h(263): warning C4267: 'return' : conversion from 'size_t' to 'int', possible loss of data
     1>g:\myvisualstudioworkplace\meshwork\meshwork\mesh.h(54): warning C4267: 'return' : conversion from 'size_t' to 'int', possible loss of data
     1>g:\myvisualstudioworkplace\meshwork\meshwork\mesh.h(75): warning C4267: 'return' : conversion from 'size_t' to 'int', possible loss of data
     1>g:\myvisualstudioworkplace\meshwork\meshwork\table.h(106): warning C4267: 'initializing' : conversion from 'size_t' to 'int', possible loss of data
                 g:\myvisualstudioworkplace\meshwork\meshwork\table.h(105) : while compiling class template member function 'void meshwork::Table<T>::Add(int,const T &)'
                 with
                 [
                     T=int
                 ]
                 g:\myvisualstudioworkplace\meshwork\meshwork\stltopology.hpp(293) : see reference to class template instantiation 'meshwork::Table<T>' being compiled
                 with
                 [
                     T=int
                 ]
     1>g:\myvisualstudioworkplace\meshwork\meshwork\table.h(136): warning C4267: 'return' : conversion from 'size_t' to 'int', possible loss of data
                 g:\myvisualstudioworkplace\meshwork\meshwork\table.h(135) : while compiling class template member function 'int meshwork::Table<T>::Size(void) const'
                 with
                 [
                     T=int
                 ]
         mwlib.cpp
     1>g:\myvisualstudioworkplace\meshwork\meshwork\stltopology.hpp(326): warning C4267: 'return' : conversion from 'size_t' to 'int', possible loss of data
     1>g:\myvisualstudioworkplace\meshwork\meshwork\stltopology.hpp(360): warning C4267: 'return' : conversion from 'size_t' to 'int', possible loss of data
     1>g:\myvisualstudioworkplace\meshwork\meshwork\stltopology.hpp(386): warning C4267: 'return' : conversion from 'size_t' to 'int', possible loss of data
     1>g:\myvisualstudioworkplace\meshwork\meshwork\stltopology.hpp(415): warning C4267: 'return' : conversion from 'size_t' to 'int', possible loss of data
     1>g:\myvisualstudioworkplace\meshwork\meshwork\stlbound.hpp(92): warning C4267: 'return' : conversion from 'size_t' to 'int', possible loss of data
     1>g:\myvisualstudioworkplace\meshwork\meshwork\stlbound.hpp(175): warning C4267: 'return' : conversion from 'size_t' to 'int', possible loss of data
     1>g:\myvisualstudioworkplace\meshwork\meshwork\stlbound.hpp(179): warning C4267: 'return' : conversion from 'size_t' to 'const int', possible loss of data
     1>g:\myvisualstudioworkplace\meshwork\meshwork\stlbound.hpp(183): warning C4267: 'return' : conversion from 'size_t' to 'int', possible loss of data
     1>g:\myvisualstudioworkplace\meshwork\meshwork\stlbound.hpp(187): warning C4267: 'return' : conversion from 'size_t' to 'const int', possible loss of data
     1>g:\myvisualstudioworkplace\meshwork\meshwork\stlgeom.hpp(59): warning C4267: 'return' : conversion from 'size_t' to 'int', possible loss of data
     1>g:\myvisualstudioworkplace\meshwork\meshwork\stlgeom.hpp(68): warning C4267: 'return' : conversion from 'size_t' to 'int', possible loss of data
     1>g:\myvisualstudioworkplace\meshwork\meshwork\stlgeom.hpp(119): warning C4267: 'return' : conversion from 'size_t' to 'int', possible loss of data
     1>g:\myvisualstudioworkplace\meshwork\meshwork\stlgeom.hpp(126): warning C4267: 'return' : conversion from 'size_t' to 'int', possible loss of data
     1>g:\myvisualstudioworkplace\meshwork\meshwork\localh.hpp(108): warning C4267: 'return' : conversion from 'size_t' to 'int', possible loss of data
     1>g:\myvisualstudioworkplace\meshwork\meshwork\triangulation.h(259): warning C4267: 'return' : conversion from 'size_t' to 'int', possible loss of data
     1>g:\myvisualstudioworkplace\meshwork\meshwork\triangulation.h(263): warning C4267: 'return' : conversion from 'size_t' to 'int', possible loss of data
     1>g:\myvisualstudioworkplace\meshwork\meshwork\mesh.h(54): warning C4267: 'return' : conversion from 'size_t' to 'int', possible loss of data
     1>g:\myvisualstudioworkplace\meshwork\meshwork\mesh.h(75): warning C4267: 'return' : conversion from 'size_t' to 'int', possible loss of data
     1>g:\myvisualstudioworkplace\meshwork\meshwork\table.h(106): warning C4267: 'initializing' : conversion from 'size_t' to 'int', possible loss of data
                 g:\myvisualstudioworkplace\meshwork\meshwork\table.h(105) : while compiling class template member function 'void meshwork::Table<T>::Add(int,const T &)'
                 with
                 [
                     T=int
                 ]
                 g:\myvisualstudioworkplace\meshwork\meshwork\stltopology.hpp(293) : see reference to class template instantiation 'meshwork::Table<T>' being compiled
                 with
                 [
                     T=int
                 ]
     1>g:\myvisualstudioworkplace\meshwork\meshwork\table.h(136): warning C4267: 'return' : conversion from 'size_t' to 'int', possible loss of data
                 g:\myvisualstudioworkplace\meshwork\meshwork\table.h(135) : while compiling class template member function 'int meshwork::Table<T>::Size(void) const'
                 with
                 [
                     T=int
                 ]
         mwtool.cpp
     1>g:\myvisualstudioworkplace\meshwork\meshwork\stltopology.hpp(326): warning C4267: 'return' : conversion from 'size_t' to 'int', possible loss of data
     1>g:\myvisualstudioworkplace\meshwork\meshwork\stltopology.hpp(360): warning C4267: 'return' : conversion from 'size_t' to 'int', possible loss of data
     1>g:\myvisualstudioworkplace\meshwork\meshwork\stltopology.hpp(386): warning C4267: 'return' : conversion from 'size_t' to 'int', possible loss of data
     1>g:\myvisualstudioworkplace\meshwork\meshwork\stltopology.hpp(415): warning C4267: 'return' : conversion from 'size_t' to 'int', possible loss of data
     1>g:\myvisualstudioworkplace\meshwork\meshwork\stlbound.hpp(92): warning C4267: 'return' : conversion from 'size_t' to 'int', possible loss of data
     1>g:\myvisualstudioworkplace\meshwork\meshwork\stlbound.hpp(175): warning C4267: 'return' : conversion from 'size_t' to 'int', possible loss of data
     1>g:\myvisualstudioworkplace\meshwork\meshwork\stlbound.hpp(179): warning C4267: 'return' : conversion from 'size_t' to 'const int', possible loss of data
     1>g:\myvisualstudioworkplace\meshwork\meshwork\stlbound.hpp(183): warning C4267: 'return' : conversion from 'size_t' to 'int', possible loss of data
     1>g:\myvisualstudioworkplace\meshwork\meshwork\stlbound.hpp(187): warning C4267: 'return' : conversion from 'size_t' to 'const int', possible loss of data
     1>g:\myvisualstudioworkplace\meshwork\meshwork\stlgeom.hpp(59): warning C4267: 'return' : conversion from 'size_t' to 'int', possible loss of data
     1>g:\myvisualstudioworkplace\meshwork\meshwork\stlgeom.hpp(68): warning C4267: 'return' : conversion from 'size_t' to 'int', possible loss of data
     1>g:\myvisualstudioworkplace\meshwork\meshwork\stlgeom.hpp(119): warning C4267: 'return' : conversion from 'size_t' to 'int', possible loss of data
     1>g:\myvisualstudioworkplace\meshwork\meshwork\stlgeom.hpp(126): warning C4267: 'return' : conversion from 'size_t' to 'int', possible loss of data
     1>g:\myvisualstudioworkplace\meshwork\meshwork\localh.hpp(108): warning C4267: 'return' : conversion from 'size_t' to 'int', possible loss of data
     1>g:\myvisualstudioworkplace\meshwork\meshwork\triangulation.h(259): warning C4267: 'return' : conversion from 'size_t' to 'int', possible loss of data
     1>g:\myvisualstudioworkplace\meshwork\meshwork\triangulation.h(263): warning C4267: 'return' : conversion from 'size_t' to 'int', possible loss of data
     1>g:\myvisualstudioworkplace\meshwork\meshwork\mesh.h(54): warning C4267: 'return' : conversion from 'size_t' to 'int', possible loss of data
     1>g:\myvisualstudioworkplace\meshwork\meshwork\mesh.h(75): warning C4267: 'return' : conversion from 'size_t' to 'int', possible loss of data
     1>mwtool.cpp(82): warning C4267: 'return' : conversion from 'size_t' to 'int', possible loss of data
     1>g:\myvisualstudioworkplace\meshwork\meshwork\table.h(106): warning C4267: 'initializing' : conversion from 'size_t' to 'int', possible loss of data
                 g:\myvisualstudioworkplace\meshwork\meshwork\table.h(105) : while compiling class template member function 'void meshwork::Table<T>::Add(int,const T &)'
                 with
                 [
                     T=int
                 ]
                 g:\myvisualstudioworkplace\meshwork\meshwork\stltopology.hpp(293) : see reference to class template instantiation 'meshwork::Table<T>' being compiled
                 with
                 [
                     T=int
                 ]
     1>g:\myvisualstudioworkplace\meshwork\meshwork\table.h(136): warning C4267: 'return' : conversion from 'size_t' to 'int', possible loss of data
                 g:\myvisualstudioworkplace\meshwork\meshwork\table.h(135) : while compiling class template member function 'int meshwork::Table<T>::Size(void) const'
                 with
                 [
                     T=int
                 ]
         start.cpp
     1>g:\myvisualstudioworkplace\meshwork\meshwork\stltopology.hpp(326): warning C4267: 'return' : conversion from 'size_t' to 'int', possible loss of data
     1>g:\myvisualstudioworkplace\meshwork\meshwork\stltopology.hpp(360): warning C4267: 'return' : conversion from 'size_t' to 'int', possible loss of data
     1>g:\myvisualstudioworkplace\meshwork\meshwork\stltopology.hpp(386): warning C4267: 'return' : conversion from 'size_t' to 'int', possible loss of data
     1>g:\myvisualstudioworkplace\meshwork\meshwork\stltopology.hpp(415): warning C4267: 'return' : conversion from 'size_t' to 'int', possible loss of data
     1>g:\myvisualstudioworkplace\meshwork\meshwork\stlbound.hpp(92): warning C4267: 'return' : conversion from 'size_t' to 'int', possible loss of data
     1>g:\myvisualstudioworkplace\meshwork\meshwork\stlbound.hpp(175): warning C4267: 'return' : conversion from 'size_t' to 'int', possible loss of data
     1>g:\myvisualstudioworkplace\meshwork\meshwork\stlbound.hpp(179): warning C4267: 'return' : conversion from 'size_t' to 'const int', possible loss of data
     1>g:\myvisualstudioworkplace\meshwork\meshwork\stlbound.hpp(183): warning C4267: 'return' : conversion from 'size_t' to 'int', possible loss of data
     1>g:\myvisualstudioworkplace\meshwork\meshwork\stlbound.hpp(187): warning C4267: 'return' : conversion from 'size_t' to 'const int', possible loss of data
     1>g:\myvisualstudioworkplace\meshwork\meshwork\stlgeom.hpp(59): warning C4267: 'return' : conversion from 'size_t' to 'int', possible loss of data
     1>g:\myvisualstudioworkplace\meshwork\meshwork\stlgeom.hpp(68): warning C4267: 'return' : conversion from 'size_t' to 'int', possible loss of data
     1>g:\myvisualstudioworkplace\meshwork\meshwork\stlgeom.hpp(119): warning C4267: 'return' : conversion from 'size_t' to 'int', possible loss of data
     1>g:\myvisualstudioworkplace\meshwork\meshwork\stlgeom.hpp(126): warning C4267: 'return' : conversion from 'size_t' to 'int', possible loss of data
     1>g:\myvisualstudioworkplace\meshwork\meshwork\localh.hpp(108): warning C4267: 'return' : conversion from 'size_t' to 'int', possible loss of data
     1>g:\myvisualstudioworkplace\meshwork\meshwork\triangulation.h(259): warning C4267: 'return' : conversion from 'size_t' to 'int', possible loss of data
     1>g:\myvisualstudioworkplace\meshwork\meshwork\triangulation.h(263): warning C4267: 'return' : conversion from 'size_t' to 'int', possible loss of data
     1>g:\myvisualstudioworkplace\meshwork\meshwork\mesh.h(54): warning C4267: 'return' : conversion from 'size_t' to 'int', possible loss of data
     1>g:\myvisualstudioworkplace\meshwork\meshwork\mesh.h(75): warning C4267: 'return' : conversion from 'size_t' to 'int', possible loss of data
     1>g:\myvisualstudioworkplace\meshwork\meshwork\table.h(106): warning C4267: 'initializing' : conversion from 'size_t' to 'int', possible loss of data
                 g:\myvisualstudioworkplace\meshwork\meshwork\table.h(105) : while compiling class template member function 'void meshwork::Table<T>::Add(int,const T &)'
                 with
                 [
                     T=int
                 ]
                 g:\myvisualstudioworkplace\meshwork\meshwork\stltopology.hpp(293) : see reference to class template instantiation 'meshwork::Table<T>' being compiled
                 with
                 [
                     T=int
                 ]
     1>g:\myvisualstudioworkplace\meshwork\meshwork\table.h(136): warning C4267: 'return' : conversion from 'size_t' to 'int', possible loss of data
                 g:\myvisualstudioworkplace\meshwork\meshwork\table.h(135) : while compiling class template member function 'int meshwork::Table<T>::Size(void) const'
                 with
                 [
                     T=int
                 ]
         stlbound.cpp
     1>g:\myvisualstudioworkplace\meshwork\meshwork\stltopology.hpp(326): warning C4267: 'return' : conversion from 'size_t' to 'int', possible loss of data
     1>g:\myvisualstudioworkplace\meshwork\meshwork\stltopology.hpp(360): warning C4267: 'return' : conversion from 'size_t' to 'int', possible loss of data
     1>g:\myvisualstudioworkplace\meshwork\meshwork\stltopology.hpp(386): warning C4267: 'return' : conversion from 'size_t' to 'int', possible loss of data
     1>g:\myvisualstudioworkplace\meshwork\meshwork\stltopology.hpp(415): warning C4267: 'return' : conversion from 'size_t' to 'int', possible loss of data
     1>g:\myvisualstudioworkplace\meshwork\meshwork\stlbound.hpp(92): warning C4267: 'return' : conversion from 'size_t' to 'int', possible loss of data
     1>g:\myvisualstudioworkplace\meshwork\meshwork\stlbound.hpp(175): warning C4267: 'return' : conversion from 'size_t' to 'int', possible loss of data
     1>g:\myvisualstudioworkplace\meshwork\meshwork\stlbound.hpp(179): warning C4267: 'return' : conversion from 'size_t' to 'const int', possible loss of data
     1>g:\myvisualstudioworkplace\meshwork\meshwork\stlbound.hpp(183): warning C4267: 'return' : conversion from 'size_t' to 'int', possible loss of data
     1>g:\myvisualstudioworkplace\meshwork\meshwork\stlbound.hpp(187): warning C4267: 'return' : conversion from 'size_t' to 'const int', possible loss of data
     1>g:\myvisualstudioworkplace\meshwork\meshwork\stlgeom.hpp(59): warning C4267: 'return' : conversion from 'size_t' to 'int', possible loss of data
     1>g:\myvisualstudioworkplace\meshwork\meshwork\stlgeom.hpp(68): warning C4267: 'return' : conversion from 'size_t' to 'int', possible loss of data
     1>g:\myvisualstudioworkplace\meshwork\meshwork\stlgeom.hpp(119): warning C4267: 'return' : conversion from 'size_t' to 'int', possible loss of data
     1>g:\myvisualstudioworkplace\meshwork\meshwork\stlgeom.hpp(126): warning C4267: 'return' : conversion from 'size_t' to 'int', possible loss of data
     1>g:\myvisualstudioworkplace\meshwork\meshwork\localh.hpp(108): warning C4267: 'return' : conversion from 'size_t' to 'int', possible loss of data
     1>g:\myvisualstudioworkplace\meshwork\meshwork\triangulation.h(259): warning C4267: 'return' : conversion from 'size_t' to 'int', possible loss of data
     1>g:\myvisualstudioworkplace\meshwork\meshwork\triangulation.h(263): warning C4267: 'return' : conversion from 'size_t' to 'int', possible loss of data
     1>g:\myvisualstudioworkplace\meshwork\meshwork\mesh.h(54): warning C4267: 'return' : conversion from 'size_t' to 'int', possible loss of data
     1>g:\myvisualstudioworkplace\meshwork\meshwork\mesh.h(75): warning C4267: 'return' : conversion from 'size_t' to 'int', possible loss of data
     1>stlbound.cpp(14): warning C4267: 'return' : conversion from 'size_t' to 'int', possible loss of data
     1>stlbound.cpp(64): warning C4267: '=' : conversion from 'size_t' to 'int', possible loss of data
     1>stlbound.cpp(301): warning C4267: '=' : conversion from 'size_t' to 'int', possible loss of data
     1>stlbound.cpp(310): warning C4267: '=' : conversion from 'size_t' to 'int', possible loss of data
     1>stlbound.cpp(320): warning C4267: 'argument' : conversion from 'size_t' to 'int', possible loss of data
     1>stlbound.cpp(330): warning C4267: 'argument' : conversion from 'size_t' to 'int', possible loss of data
     1>stlbound.cpp(340): warning C4267: 'argument' : conversion from 'size_t' to 'int', possible loss of data
     1>stlbound.cpp(349): warning C4267: 'argument' : conversion from 'size_t' to 'int', possible loss of data
     1>stlbound.cpp(394): warning C4267: 'argument' : conversion from 'size_t' to 'int', possible loss of data
     1>stlbound.cpp(396): warning C4267: 'argument' : conversion from 'size_t' to 'int', possible loss of data
     1>g:\myvisualstudioworkplace\meshwork\meshwork\table.h(106): warning C4267: 'initializing' : conversion from 'size_t' to 'int', possible loss of data
                 g:\myvisualstudioworkplace\meshwork\meshwork\table.h(105) : while compiling class template member function 'void meshwork::Table<T>::Add(int,const T &)'
                 with
                 [
                     T=int
                 ]
                 g:\myvisualstudioworkplace\meshwork\meshwork\stltopology.hpp(293) : see reference to class template instantiation 'meshwork::Table<T>' being compiled
                 with
                 [
                     T=int
                 ]
     1>g:\myvisualstudioworkplace\meshwork\meshwork\table.h(136): warning C4267: 'return' : conversion from 'size_t' to 'int', possible loss of data
                 g:\myvisualstudioworkplace\meshwork\meshwork\table.h(135) : while compiling class template member function 'int meshwork::Table<T>::Size(void) const'
                 with
                 [
                     T=int
                 ]
         stlgeom.cpp
     1>g:\myvisualstudioworkplace\meshwork\meshwork\stltopology.hpp(326): warning C4267: 'return' : conversion from 'size_t' to 'int', possible loss of data
     1>g:\myvisualstudioworkplace\meshwork\meshwork\stltopology.hpp(360): warning C4267: 'return' : conversion from 'size_t' to 'int', possible loss of data
     1>g:\myvisualstudioworkplace\meshwork\meshwork\stltopology.hpp(386): warning C4267: 'return' : conversion from 'size_t' to 'int', possible loss of data
     1>g:\myvisualstudioworkplace\meshwork\meshwork\stltopology.hpp(415): warning C4267: 'return' : conversion from 'size_t' to 'int', possible loss of data
     1>g:\myvisualstudioworkplace\meshwork\meshwork\stlbound.hpp(92): warning C4267: 'return' : conversion from 'size_t' to 'int', possible loss of data
     1>g:\myvisualstudioworkplace\meshwork\meshwork\stlbound.hpp(175): warning C4267: 'return' : conversion from 'size_t' to 'int', possible loss of data
     1>g:\myvisualstudioworkplace\meshwork\meshwork\stlbound.hpp(179): warning C4267: 'return' : conversion from 'size_t' to 'const int', possible loss of data
     1>g:\myvisualstudioworkplace\meshwork\meshwork\stlbound.hpp(183): warning C4267: 'return' : conversion from 'size_t' to 'int', possible loss of data
     1>g:\myvisualstudioworkplace\meshwork\meshwork\stlbound.hpp(187): warning C4267: 'return' : conversion from 'size_t' to 'const int', possible loss of data
     1>g:\myvisualstudioworkplace\meshwork\meshwork\stlgeom.hpp(59): warning C4267: 'return' : conversion from 'size_t' to 'int', possible loss of data
     1>g:\myvisualstudioworkplace\meshwork\meshwork\stlgeom.hpp(68): warning C4267: 'return' : conversion from 'size_t' to 'int', possible loss of data
     1>g:\myvisualstudioworkplace\meshwork\meshwork\stlgeom.hpp(119): warning C4267: 'return' : conversion from 'size_t' to 'int', possible loss of data
     1>g:\myvisualstudioworkplace\meshwork\meshwork\stlgeom.hpp(126): warning C4267: 'return' : conversion from 'size_t' to 'int', possible loss of data
     1>g:\myvisualstudioworkplace\meshwork\meshwork\localh.hpp(108): warning C4267: 'return' : conversion from 'size_t' to 'int', possible loss of data
     1>g:\myvisualstudioworkplace\meshwork\meshwork\triangulation.h(259): warning C4267: 'return' : conversion from 'size_t' to 'int', possible loss of data
     1>g:\myvisualstudioworkplace\meshwork\meshwork\triangulation.h(263): warning C4267: 'return' : conversion from 'size_t' to 'int', possible loss of data
     1>g:\myvisualstudioworkplace\meshwork\meshwork\mesh.h(54): warning C4267: 'return' : conversion from 'size_t' to 'int', possible loss of data
     1>g:\myvisualstudioworkplace\meshwork\meshwork\mesh.h(75): warning C4267: 'return' : conversion from 'size_t' to 'int', possible loss of data
     1>stlgeom.cpp(38): warning C4267: 'initializing' : conversion from 'size_t' to 'int', possible loss of data
     1>stlgeom.cpp(334): warning C4267: 'initializing' : conversion from 'size_t' to 'int', possible loss of data
     1>stlgeom.cpp(376): warning C4267: 'return' : conversion from 'size_t' to 'int', possible loss of data
     1>stlgeom.cpp(560): warning C4267: 'initializing' : conversion from 'size_t' to 'int', possible loss of data
     1>stlgeom.cpp(827): warning C4101: 'h2' : unreferenced local variable
     1>stlgeom.cpp(827): warning C4101: 'h3' : unreferenced local variable
     1>g:\myvisualstudioworkplace\meshwork\meshwork\table.h(106): warning C4267: 'initializing' : conversion from 'size_t' to 'int', possible loss of data
                 g:\myvisualstudioworkplace\meshwork\meshwork\table.h(105) : while compiling class template member function 'void meshwork::Table<T>::Add(int,const T &)'
                 with
                 [
                     T=int
                 ]
                 g:\myvisualstudioworkplace\meshwork\meshwork\stltopology.hpp(293) : see reference to class template instantiation 'meshwork::Table<T>' being compiled
                 with
                 [
                     T=int
                 ]
     1>g:\myvisualstudioworkplace\meshwork\meshwork\table.h(136): warning C4267: 'return' : conversion from 'size_t' to 'int', possible loss of data
                 g:\myvisualstudioworkplace\meshwork\meshwork\table.h(135) : while compiling class template member function 'int meshwork::Table<T>::Size(void) const'
                 with
                 [
                     T=int
                 ]
         stlsurfacemeshfunction.cpp
     1>g:\myvisualstudioworkplace\meshwork\meshwork\stltopology.hpp(326): warning C4267: 'return' : conversion from 'size_t' to 'int', possible loss of data
     1>g:\myvisualstudioworkplace\meshwork\meshwork\stltopology.hpp(360): warning C4267: 'return' : conversion from 'size_t' to 'int', possible loss of data
     1>g:\myvisualstudioworkplace\meshwork\meshwork\stltopology.hpp(386): warning C4267: 'return' : conversion from 'size_t' to 'int', possible loss of data
     1>g:\myvisualstudioworkplace\meshwork\meshwork\stltopology.hpp(415): warning C4267: 'return' : conversion from 'size_t' to 'int', possible loss of data
     1>g:\myvisualstudioworkplace\meshwork\meshwork\stlbound.hpp(92): warning C4267: 'return' : conversion from 'size_t' to 'int', possible loss of data
     1>g:\myvisualstudioworkplace\meshwork\meshwork\stlbound.hpp(175): warning C4267: 'return' : conversion from 'size_t' to 'int', possible loss of data
     1>g:\myvisualstudioworkplace\meshwork\meshwork\stlbound.hpp(179): warning C4267: 'return' : conversion from 'size_t' to 'const int', possible loss of data
     1>g:\myvisualstudioworkplace\meshwork\meshwork\stlbound.hpp(183): warning C4267: 'return' : conversion from 'size_t' to 'int', possible loss of data
     1>g:\myvisualstudioworkplace\meshwork\meshwork\stlbound.hpp(187): warning C4267: 'return' : conversion from 'size_t' to 'const int', possible loss of data
     1>g:\myvisualstudioworkplace\meshwork\meshwork\stlgeom.hpp(59): warning C4267: 'return' : conversion from 'size_t' to 'int', possible loss of data
     1>g:\myvisualstudioworkplace\meshwork\meshwork\stlgeom.hpp(68): warning C4267: 'return' : conversion from 'size_t' to 'int', possible loss of data
     1>g:\myvisualstudioworkplace\meshwork\meshwork\stlgeom.hpp(119): warning C4267: 'return' : conversion from 'size_t' to 'int', possible loss of data
     1>g:\myvisualstudioworkplace\meshwork\meshwork\stlgeom.hpp(126): warning C4267: 'return' : conversion from 'size_t' to 'int', possible loss of data
     1>g:\myvisualstudioworkplace\meshwork\meshwork\localh.hpp(108): warning C4267: 'return' : conversion from 'size_t' to 'int', possible loss of data
     1>g:\myvisualstudioworkplace\meshwork\meshwork\triangulation.h(259): warning C4267: 'return' : conversion from 'size_t' to 'int', possible loss of data
     1>g:\myvisualstudioworkplace\meshwork\meshwork\triangulation.h(263): warning C4267: 'return' : conversion from 'size_t' to 'int', possible loss of data
     1>g:\myvisualstudioworkplace\meshwork\meshwork\mesh.h(54): warning C4267: 'return' : conversion from 'size_t' to 'int', possible loss of data
     1>g:\myvisualstudioworkplace\meshwork\meshwork\mesh.h(75): warning C4267: 'return' : conversion from 'size_t' to 'int', possible loss of data
     1>stlsurfacemeshfunction.cpp(102): warning C4267: 'initializing' : conversion from 'size_t' to 'int', possible loss of data
     1>g:\myvisualstudioworkplace\meshwork\meshwork\table.h(106): warning C4267: 'initializing' : conversion from 'size_t' to 'int', possible loss of data
                 g:\myvisualstudioworkplace\meshwork\meshwork\table.h(105) : while compiling class template member function 'void meshwork::Table<T>::Add(int,const T &)'
                 with
                 [
                     T=int
                 ]
                 g:\myvisualstudioworkplace\meshwork\meshwork\stltopology.hpp(293) : see reference to class template instantiation 'meshwork::Table<T>' being compiled
                 with
                 [
                     T=int
                 ]
     1>g:\myvisualstudioworkplace\meshwork\meshwork\table.h(136): warning C4267: 'return' : conversion from 'size_t' to 'int', possible loss of data
                 g:\myvisualstudioworkplace\meshwork\meshwork\table.h(135) : while compiling class template member function 'int meshwork::Table<T>::Size(void) const'
                 with
                 [
                     T=int
                 ]
         STLSurfaceMesh.cpp
     1>g:\myvisualstudioworkplace\meshwork\meshwork\stltopology.hpp(326): warning C4267: 'return' : conversion from 'size_t' to 'int', possible loss of data
     1>g:\myvisualstudioworkplace\meshwork\meshwork\stltopology.hpp(360): warning C4267: 'return' : conversion from 'size_t' to 'int', possible loss of data
     1>g:\myvisualstudioworkplace\meshwork\meshwork\stltopology.hpp(386): warning C4267: 'return' : conversion from 'size_t' to 'int', possible loss of data
     1>g:\myvisualstudioworkplace\meshwork\meshwork\stltopology.hpp(415): warning C4267: 'return' : conversion from 'size_t' to 'int', possible loss of data
     1>g:\myvisualstudioworkplace\meshwork\meshwork\stlbound.hpp(92): warning C4267: 'return' : conversion from 'size_t' to 'int', possible loss of data
     1>g:\myvisualstudioworkplace\meshwork\meshwork\stlbound.hpp(175): warning C4267: 'return' : conversion from 'size_t' to 'int', possible loss of data
     1>g:\myvisualstudioworkplace\meshwork\meshwork\stlbound.hpp(179): warning C4267: 'return' : conversion from 'size_t' to 'const int', possible loss of data
     1>g:\myvisualstudioworkplace\meshwork\meshwork\stlbound.hpp(183): warning C4267: 'return' : conversion from 'size_t' to 'int', possible loss of data
     1>g:\myvisualstudioworkplace\meshwork\meshwork\stlbound.hpp(187): warning C4267: 'return' : conversion from 'size_t' to 'const int', possible loss of data
     1>g:\myvisualstudioworkplace\meshwork\meshwork\stlgeom.hpp(59): warning C4267: 'return' : conversion from 'size_t' to 'int', possible loss of data
     1>g:\myvisualstudioworkplace\meshwork\meshwork\stlgeom.hpp(68): warning C4267: 'return' : conversion from 'size_t' to 'int', possible loss of data
     1>g:\myvisualstudioworkplace\meshwork\meshwork\stlgeom.hpp(119): warning C4267: 'return' : conversion from 'size_t' to 'int', possible loss of data
     1>g:\myvisualstudioworkplace\meshwork\meshwork\stlgeom.hpp(126): warning C4267: 'return' : conversion from 'size_t' to 'int', possible loss of data
     1>g:\myvisualstudioworkplace\meshwork\meshwork\localh.hpp(108): warning C4267: 'return' : conversion from 'size_t' to 'int', possible loss of data
     1>g:\myvisualstudioworkplace\meshwork\meshwork\triangulation.h(259): warning C4267: 'return' : conversion from 'size_t' to 'int', possible loss of data
     1>g:\myvisualstudioworkplace\meshwork\meshwork\triangulation.h(263): warning C4267: 'return' : conversion from 'size_t' to 'int', possible loss of data
     1>g:\myvisualstudioworkplace\meshwork\meshwork\mesh.h(54): warning C4267: 'return' : conversion from 'size_t' to 'int', possible loss of data
     1>g:\myvisualstudioworkplace\meshwork\meshwork\mesh.h(75): warning C4267: 'return' : conversion from 'size_t' to 'int', possible loss of data
     1>g:\myvisualstudioworkplace\meshwork\meshwork\table.h(106): warning C4267: 'initializing' : conversion from 'size_t' to 'int', possible loss of data
                 g:\myvisualstudioworkplace\meshwork\meshwork\table.h(105) : while compiling class template member function 'void meshwork::Table<T>::Add(int,const T &)'
                 with
                 [
                     T=int
                 ]
                 g:\myvisualstudioworkplace\meshwork\meshwork\stltopology.hpp(293) : see reference to class template instantiation 'meshwork::Table<T>' being compiled
                 with
                 [
                     T=int
                 ]
     1>g:\myvisualstudioworkplace\meshwork\meshwork\table.h(136): warning C4267: 'return' : conversion from 'size_t' to 'int', possible loss of data
                 g:\myvisualstudioworkplace\meshwork\meshwork\table.h(135) : while compiling class template member function 'int meshwork::Table<T>::Size(void) const'
                 with
                 [
                     T=int
                 ]
         stltopology.cpp
     1>g:\myvisualstudioworkplace\meshwork\meshwork\stltopology.hpp(326): warning C4267: 'return' : conversion from 'size_t' to 'int', possible loss of data
     1>g:\myvisualstudioworkplace\meshwork\meshwork\stltopology.hpp(360): warning C4267: 'return' : conversion from 'size_t' to 'int', possible loss of data
     1>g:\myvisualstudioworkplace\meshwork\meshwork\stltopology.hpp(386): warning C4267: 'return' : conversion from 'size_t' to 'int', possible loss of data
     1>g:\myvisualstudioworkplace\meshwork\meshwork\stltopology.hpp(415): warning C4267: 'return' : conversion from 'size_t' to 'int', possible loss of data
     1>g:\myvisualstudioworkplace\meshwork\meshwork\stlbound.hpp(92): warning C4267: 'return' : conversion from 'size_t' to 'int', possible loss of data
     1>g:\myvisualstudioworkplace\meshwork\meshwork\stlbound.hpp(175): warning C4267: 'return' : conversion from 'size_t' to 'int', possible loss of data
     1>g:\myvisualstudioworkplace\meshwork\meshwork\stlbound.hpp(179): warning C4267: 'return' : conversion from 'size_t' to 'const int', possible loss of data
     1>g:\myvisualstudioworkplace\meshwork\meshwork\stlbound.hpp(183): warning C4267: 'return' : conversion from 'size_t' to 'int', possible loss of data
     1>g:\myvisualstudioworkplace\meshwork\meshwork\stlbound.hpp(187): warning C4267: 'return' : conversion from 'size_t' to 'const int', possible loss of data
     1>g:\myvisualstudioworkplace\meshwork\meshwork\stlgeom.hpp(59): warning C4267: 'return' : conversion from 'size_t' to 'int', possible loss of data
     1>g:\myvisualstudioworkplace\meshwork\meshwork\stlgeom.hpp(68): warning C4267: 'return' : conversion from 'size_t' to 'int', possible loss of data
     1>g:\myvisualstudioworkplace\meshwork\meshwork\stlgeom.hpp(119): warning C4267: 'return' : conversion from 'size_t' to 'int', possible loss of data
     1>g:\myvisualstudioworkplace\meshwork\meshwork\stlgeom.hpp(126): warning C4267: 'return' : conversion from 'size_t' to 'int', possible loss of data
     1>g:\myvisualstudioworkplace\meshwork\meshwork\localh.hpp(108): warning C4267: 'return' : conversion from 'size_t' to 'int', possible loss of data
     1>g:\myvisualstudioworkplace\meshwork\meshwork\triangulation.h(259): warning C4267: 'return' : conversion from 'size_t' to 'int', possible loss of data
     1>g:\myvisualstudioworkplace\meshwork\meshwork\triangulation.h(263): warning C4267: 'return' : conversion from 'size_t' to 'int', possible loss of data
     1>g:\myvisualstudioworkplace\meshwork\meshwork\mesh.h(54): warning C4267: 'return' : conversion from 'size_t' to 'int', possible loss of data
     1>g:\myvisualstudioworkplace\meshwork\meshwork\mesh.h(75): warning C4267: 'return' : conversion from 'size_t' to 'int', possible loss of data
     1>stltopology.cpp(325): warning C4267: 'argument' : conversion from 'size_t' to 'int', possible loss of data
     1>stltopology.cpp(392): warning C4267: 'argument' : conversion from 'size_t' to 'int', possible loss of data
     1>g:\myvisualstudioworkplace\meshwork\meshwork\table.h(106): warning C4267: 'initializing' : conversion from 'size_t' to 'int', possible loss of data
                 g:\myvisualstudioworkplace\meshwork\meshwork\table.h(105) : while compiling class template member function 'void meshwork::Table<T>::Add(int,const T &)'
                 with
                 [
                     T=int
                 ]
                 g:\myvisualstudioworkplace\meshwork\meshwork\stltopology.hpp(293) : see reference to class template instantiation 'meshwork::Table<T>' being compiled
                 with
                 [
                     T=int
                 ]
     1>g:\myvisualstudioworkplace\meshwork\meshwork\table.h(136): warning C4267: 'return' : conversion from 'size_t' to 'int', possible loss of data
                 g:\myvisualstudioworkplace\meshwork\meshwork\table.h(135) : while compiling class template member function 'int meshwork::Table<T>::Size(void) const'
                 with
                 [
                     T=int
                 ]
         triangulation.cpp
     1>g:\myvisualstudioworkplace\meshwork\meshwork\stltopology.hpp(326): warning C4267: 'return' : conversion from 'size_t' to 'int', possible loss of data
     1>g:\myvisualstudioworkplace\meshwork\meshwork\stltopology.hpp(360): warning C4267: 'return' : conversion from 'size_t' to 'int', possible loss of data
     1>g:\myvisualstudioworkplace\meshwork\meshwork\stltopology.hpp(386): warning C4267: 'return' : conversion from 'size_t' to 'int', possible loss of data
     1>g:\myvisualstudioworkplace\meshwork\meshwork\stltopology.hpp(415): warning C4267: 'return' : conversion from 'size_t' to 'int', possible loss of data
     1>g:\myvisualstudioworkplace\meshwork\meshwork\stlbound.hpp(92): warning C4267: 'return' : conversion from 'size_t' to 'int', possible loss of data
     1>g:\myvisualstudioworkplace\meshwork\meshwork\stlbound.hpp(175): warning C4267: 'return' : conversion from 'size_t' to 'int', possible loss of data
     1>g:\myvisualstudioworkplace\meshwork\meshwork\stlbound.hpp(179): warning C4267: 'return' : conversion from 'size_t' to 'const int', possible loss of data
     1>g:\myvisualstudioworkplace\meshwork\meshwork\stlbound.hpp(183): warning C4267: 'return' : conversion from 'size_t' to 'int', possible loss of data
     1>g:\myvisualstudioworkplace\meshwork\meshwork\stlbound.hpp(187): warning C4267: 'return' : conversion from 'size_t' to 'const int', possible loss of data
     1>g:\myvisualstudioworkplace\meshwork\meshwork\stlgeom.hpp(59): warning C4267: 'return' : conversion from 'size_t' to 'int', possible loss of data
     1>g:\myvisualstudioworkplace\meshwork\meshwork\stlgeom.hpp(68): warning C4267: 'return' : conversion from 'size_t' to 'int', possible loss of data
     1>g:\myvisualstudioworkplace\meshwork\meshwork\stlgeom.hpp(119): warning C4267: 'return' : conversion from 'size_t' to 'int', possible loss of data
     1>g:\myvisualstudioworkplace\meshwork\meshwork\stlgeom.hpp(126): warning C4267: 'return' : conversion from 'size_t' to 'int', possible loss of data
     1>g:\myvisualstudioworkplace\meshwork\meshwork\localh.hpp(108): warning C4267: 'return' : conversion from 'size_t' to 'int', possible loss of data
     1>g:\myvisualstudioworkplace\meshwork\meshwork\triangulation.h(259): warning C4267: 'return' : conversion from 'size_t' to 'int', possible loss of data
     1>g:\myvisualstudioworkplace\meshwork\meshwork\triangulation.h(263): warning C4267: 'return' : conversion from 'size_t' to 'int', possible loss of data
     1>g:\myvisualstudioworkplace\meshwork\meshwork\mesh.h(54): warning C4267: 'return' : conversion from 'size_t' to 'int', possible loss of data
     1>g:\myvisualstudioworkplace\meshwork\meshwork\mesh.h(75): warning C4267: 'return' : conversion from 'size_t' to 'int', possible loss of data
     1>triangulation.cpp(702): warning C4101: 'i' : unreferenced local variable
     1>g:\myvisualstudioworkplace\meshwork\meshwork\table.h(106): warning C4267: 'initializing' : conversion from 'size_t' to 'int', possible loss of data
                 g:\myvisualstudioworkplace\meshwork\meshwork\table.h(105) : while compiling class template member function 'void meshwork::Table<T>::Add(int,const T &)'
                 with
                 [
                     T=int
                 ]
                 g:\myvisualstudioworkplace\meshwork\meshwork\stltopology.hpp(293) : see reference to class template instantiation 'meshwork::Table<T>' being compiled
                 with
                 [
                     T=int
                 ]
     1>g:\myvisualstudioworkplace\meshwork\meshwork\table.h(136): warning C4267: 'return' : conversion from 'size_t' to 'int', possible loss of data
                 g:\myvisualstudioworkplace\meshwork\meshwork\table.h(135) : while compiling class template member function 'int meshwork::Table<T>::Size(void) const'
                 with
                 [
                     T=int
                 ]
         triangulationinkdtree.cpp
     1>g:\myvisualstudioworkplace\meshwork\meshwork\stltopology.hpp(326): warning C4267: 'return' : conversion from 'size_t' to 'int', possible loss of data
     1>g:\myvisualstudioworkplace\meshwork\meshwork\stltopology.hpp(360): warning C4267: 'return' : conversion from 'size_t' to 'int', possible loss of data
     1>g:\myvisualstudioworkplace\meshwork\meshwork\stltopology.hpp(386): warning C4267: 'return' : conversion from 'size_t' to 'int', possible loss of data
     1>g:\myvisualstudioworkplace\meshwork\meshwork\stltopology.hpp(415): warning C4267: 'return' : conversion from 'size_t' to 'int', possible loss of data
     1>g:\myvisualstudioworkplace\meshwork\meshwork\stlbound.hpp(92): warning C4267: 'return' : conversion from 'size_t' to 'int', possible loss of data
     1>g:\myvisualstudioworkplace\meshwork\meshwork\stlbound.hpp(175): warning C4267: 'return' : conversion from 'size_t' to 'int', possible loss of data
     1>g:\myvisualstudioworkplace\meshwork\meshwork\stlbound.hpp(179): warning C4267: 'return' : conversion from 'size_t' to 'const int', possible loss of data
     1>g:\myvisualstudioworkplace\meshwork\meshwork\stlbound.hpp(183): warning C4267: 'return' : conversion from 'size_t' to 'int', possible loss of data
     1>g:\myvisualstudioworkplace\meshwork\meshwork\stlbound.hpp(187): warning C4267: 'return' : conversion from 'size_t' to 'const int', possible loss of data
     1>g:\myvisualstudioworkplace\meshwork\meshwork\stlgeom.hpp(59): warning C4267: 'return' : conversion from 'size_t' to 'int', possible loss of data
     1>g:\myvisualstudioworkplace\meshwork\meshwork\stlgeom.hpp(68): warning C4267: 'return' : conversion from 'size_t' to 'int', possible loss of data
     1>g:\myvisualstudioworkplace\meshwork\meshwork\stlgeom.hpp(119): warning C4267: 'return' : conversion from 'size_t' to 'int', possible loss of data
     1>g:\myvisualstudioworkplace\meshwork\meshwork\stlgeom.hpp(126): warning C4267: 'return' : conversion from 'size_t' to 'int', possible loss of data
     1>g:\myvisualstudioworkplace\meshwork\meshwork\localh.hpp(108): warning C4267: 'return' : conversion from 'size_t' to 'int', possible loss of data
     1>g:\myvisualstudioworkplace\meshwork\meshwork\triangulation.h(259): warning C4267: 'return' : conversion from 'size_t' to 'int', possible loss of data
     1>g:\myvisualstudioworkplace\meshwork\meshwork\triangulation.h(263): warning C4267: 'return' : conversion from 'size_t' to 'int', possible loss of data
     1>g:\myvisualstudioworkplace\meshwork\meshwork\mesh.h(54): warning C4267: 'return' : conversion from 'size_t' to 'int', possible loss of data
     1>g:\myvisualstudioworkplace\meshwork\meshwork\mesh.h(75): warning C4267: 'return' : conversion from 'size_t' to 'int', possible loss of data
     1>g:\myvisualstudioworkplace\meshwork\meshwork\table.h(106): warning C4267: 'initializing' : conversion from 'size_t' to 'int', possible loss of data
                 g:\myvisualstudioworkplace\meshwork\meshwork\table.h(105) : while compiling class template member function 'void meshwork::Table<T>::Add(int,const T &)'
                 with
                 [
                     T=int
                 ]
                 g:\myvisualstudioworkplace\meshwork\meshwork\stltopology.hpp(293) : see reference to class template instantiation 'meshwork::Table<T>' being compiled
                 with
                 [
                     T=int
                 ]
     1>g:\myvisualstudioworkplace\meshwork\meshwork\table.h(136): warning C4267: 'return' : conversion from 'size_t' to 'int', possible loss of data
                 g:\myvisualstudioworkplace\meshwork\meshwork\table.h(135) : while compiling class template member function 'int meshwork::Table<T>::Size(void) const'
                 with
                 [
                     T=int
                 ]
       Link:
         g:\Program Files (x86)\Microsoft Visual Studio 10.0\VC\bin\x86_amd64\link.exe /ERRORREPORT:PROMPT /OUT:"G:\myVisualStudioWorkPlace\MeshWork\x64\Release\MeshWork.exe" /INCREMENTAL:NO /NOLOGO kernel32.lib user32.lib gdi32.lib winspool.lib comdlg32.lib advapi32.lib shell32.lib ole32.lib oleaut32.lib uuid.lib odbc32.lib odbccp32.lib /MANIFEST /ManifestFile:"x64\Release\MeshWork.exe.intermediate.manifest" /MANIFESTUAC:"level='asInvoker' uiAccess='false'" /DEBUG /PDB:"G:\myVisualStudioWorkPlace\MeshWork\x64\Release\MeshWork.pdb" /SUBSYSTEM:CONSOLE /OPT:REF /OPT:ICF /LTCG /TLBID:1 /DYNAMICBASE /NXCOMPAT /IMPLIB:"G:\myVisualStudioWorkPlace\MeshWork\x64\Release\MeshWork.lib" /MACHINE:X64 x64\Release\adtree.obj
         x64\Release\geomfuncs.obj
         x64\Release\globalvariable.obj
         x64\Release\kodtree.obj
         x64\Release\localh.obj
         x64\Release\mesh.obj
         x64\Release\meshparameter.obj
         x64\Release\meshtype.obj
         x64\Release\mwlib.obj
         x64\Release\mwtool.obj
         x64\Release\start.obj
         x64\Release\stlbound.obj
         x64\Release\stlgeom.obj
         x64\Release\stlsurfacemeshfunction.obj
         x64\Release\STLSurfaceMesh.obj
         x64\Release\stltopology.obj
         x64\Release\triangulation.obj
         x64\Release\triangulationinkdtree.obj
         Generating code
         Finished generating code
         MeshWork.vcxproj -> G:\myVisualStudioWorkPlace\MeshWork\x64\Release\MeshWork.exe
       Manifest:
         C:\Program Files (x86)\Microsoft SDKs\Windows\v7.0A\bin\mt.exe /nologo /verbose /outputresource:"G:\myVisualStudioWorkPlace\MeshWork\x64\Release\MeshWork.exe;#1" /manifest x64\Release\MeshWork.exe.intermediate.manifest
       FinalizeBuildStatus:
         Deleting file "x64\Release\MeshWork.unsuccessfulbuild".
         Touching "x64\Release\MeshWork.lastbuildstate".
     1>Done Building Project "G:\myVisualStudioWorkPlace\MeshWork\MeshWork\MeshWork.vcxproj" (rebuild target(s)).

Build succeeded.

Time Elapsed 00:00:11.08
